<?xml version="1.0" encoding="UTF-8"?>
<testsuite name="co.edu.unal.paralela.ReciprocalArraySumTest" time="33.325" tests="4" errors="0" skipped="0" failures="3">
  <properties>
[...]
</properties>
  <testcase name="testParManyTaskTwoHundredMillion" classname="co.edu.unal.paralela.ReciprocalArraySumTest" time="15.036">
    <failure message="Se esperaba que la implmentación de muchas tareas en paralelo pudiera ejecutarse  9,600000x veces más rápido, pero solo alcanzo a mejorar la rapidez (speedup) 2,238095x veces" type="junit.framework.AssertionFailedError">junit.framework.AssertionFailedError: Se esperaba que la implmentación de muchas tareas en paralelo pudiera ejecutarse  9,600000x veces más rápido, pero solo alcanzo a mejorar la rapidez (speedup) 2,238095x veces
	at junit.framework.Assert.fail(Assert.java:47)
	at junit.framework.Assert.assertTrue(Assert.java:20)
	at co.edu.unal.paralela.ReciprocalArraySumTest.testParManyTaskTwoHundredMillion(ReciprocalArraySumTest.java:149)
</failure>
  </testcase>
  <testcase name="testParSimpleTwoHundredMillion" classname="co.edu.unal.paralela.ReciprocalArraySumTest" time="17.971">
    <failure message="Se esperaba que la implementación de dos tareas en paralelo pudiera ejecutarse 1,500000x veces más rápido, pero solo alcanzo a mejorar la rapidez (speedup) 1,232759x veces" type="junit.framework.AssertionFailedError">junit.framework.AssertionFailedError: Se esperaba que la implementación de dos tareas en paralelo pudiera ejecutarse 1,500000x veces más rápido, pero solo alcanzo a mejorar la rapidez (speedup) 1,232759x veces
	at junit.framework.Assert.fail(Assert.java:47)
	at junit.framework.Assert.assertTrue(Assert.java:20)
	at co.edu.unal.paralela.ReciprocalArraySumTest.testParSimpleTwoHundredMillion(ReciprocalArraySumTest.java:125)
</failure>
  </testcase>
  <testcase name="testParManyTaskTwoMillion" classname="co.edu.unal.paralela.ReciprocalArraySumTest" time="0.15"/>
  <testcase name="testParSimpleTwoMillion" classname="co.edu.unal.paralela.ReciprocalArraySumTest" time="0.168">
    <failure message="Se esperaba que la implementación de dos tareas en paralelo pudiera ejecutarse  1,500000x veces más rápido, pero solo alcanzo a mejorar la rapidez (speedup) 1,000000x veces" type="junit.framework.AssertionFailedError">junit.framework.AssertionFailedError: Se esperaba que la implementación de dos tareas en paralelo pudiera ejecutarse  1,500000x veces más rápido, pero solo alcanzo a mejorar la rapidez (speedup) 1,000000x veces
	at junit.framework.Assert.fail(Assert.java:47)
	at junit.framework.Assert.assertTrue(Assert.java:20)
	at co.edu.unal.paralela.ReciprocalArraySumTest.testParSimpleTwoMillion(ReciprocalArraySumTest.java:114)
</failure>
  </testcase>
</testsuite>